<?xml version="1.0" encoding="utf-8"?><testsuites name="pytest tests"><testsuite name="pytest" errors="0" failures="0" skipped="0" tests="22" time="14.019" timestamp="2026-02-17T11:08:53.901446+00:00" hostname="agent-env-96cb81de-5213-40f4-a053-68347532407e"><testcase classname="backend.tests.test_api.TestAuthEndpoints" name="test_admin_login_success" time="0.503" /><testcase classname="backend.tests.test_api.TestAuthEndpoints" name="test_login_invalid_credentials" time="0.112" /><testcase classname="backend.tests.test_api.TestAuthEndpoints" name="test_user_registration" time="0.390" /><testcase classname="backend.tests.test_api.TestAuthEndpoints" name="test_get_current_user_without_token" time="0.102" /><testcase classname="backend.tests.test_api.TestPasswordChange" name="test_password_change_success" time="0.961" /><testcase classname="backend.tests.test_api.TestPasswordChange" name="test_password_change_wrong_current" time="0.669" /><testcase classname="backend.tests.test_api.TestPasswordChange" name="test_password_change_short_new_password" time="0.667" /><testcase classname="backend.tests.test_api.TestProjectEndpoints" name="test_get_all_projects" time="0.151" /><testcase classname="backend.tests.test_api.TestProjectEndpoints" name="test_get_projects_filter_ges" time="0.111" /><testcase classname="backend.tests.test_api.TestProjectEndpoints" name="test_get_projects_filter_res" time="0.209" /><testcase classname="backend.tests.test_api.TestProjectEndpoints" name="test_get_single_project" time="0.307" /><testcase classname="backend.tests.test_api.TestBankEndpoints" name="test_get_all_banks" time="0.125" /><testcase classname="backend.tests.test_api.TestWithdrawalFlow" name="test_withdrawal_request_does_not_deduct_balance" time="1.575" /><testcase classname="backend.tests.test_api.TestWithdrawalFlow" name="test_admin_approve_withdrawal_deducts_balance" time="2.429" /><testcase classname="backend.tests.test_api.TestAdminUserOperations" name="test_admin_get_all_users" time="0.471" /><testcase classname="backend.tests.test_api.TestAdminUserOperations" name="test_admin_get_stats" time="0.445" /><testcase classname="backend.tests.test_api.TestAdminUserOperations" name="test_admin_edit_user_info" time="0.893" /><testcase classname="backend.tests.test_api.TestAdminUserOperations" name="test_admin_update_user_balance" time="1.250" /><testcase classname="backend.tests.test_api.TestAdminTransactions" name="test_admin_get_all_transactions" time="0.599" /><testcase classname="backend.tests.test_api.TestAdminTransactions" name="test_admin_approve_deposit" time="1.088" /><testcase classname="backend.tests.test_api.TestPortfolioEndpoints" name="test_get_portfolio" time="0.468" /><testcase classname="backend.tests.test_api.TestNotificationEndpoints" name="test_get_notifications" time="0.419" /></testsuite></testsuites>