<?xml version="1.0" encoding="utf-8"?><testsuites name="pytest tests"><testsuite name="pytest" errors="0" failures="0" skipped="3" tests="31" time="19.790" timestamp="2026-02-17T13:37:15.531764+00:00" hostname="agent-env-96cb81de-5213-40f4-a053-68347532407e"><testcase classname="backend.tests.test_api.TestAuthEndpoints" name="test_admin_login_success" time="0.356" /><testcase classname="backend.tests.test_api.TestAuthEndpoints" name="test_login_invalid_credentials" time="0.107" /><testcase classname="backend.tests.test_api.TestAuthEndpoints" name="test_user_registration" time="0.359" /><testcase classname="backend.tests.test_api.TestAuthEndpoints" name="test_get_current_user_without_token" time="0.214" /><testcase classname="backend.tests.test_api.TestPasswordChange" name="test_password_change_success" time="0.938" /><testcase classname="backend.tests.test_api.TestPasswordChange" name="test_password_change_wrong_current" time="0.675" /><testcase classname="backend.tests.test_api.TestPasswordChange" name="test_password_change_short_new_password" time="0.697" /><testcase classname="backend.tests.test_api.TestProjectEndpoints" name="test_get_all_projects" time="0.114" /><testcase classname="backend.tests.test_api.TestProjectEndpoints" name="test_get_projects_filter_ges" time="0.113" /><testcase classname="backend.tests.test_api.TestProjectEndpoints" name="test_get_projects_filter_res" time="0.112" /><testcase classname="backend.tests.test_api.TestProjectEndpoints" name="test_get_single_project" time="0.239" /><testcase classname="backend.tests.test_api.TestBankEndpoints" name="test_get_all_banks" time="0.103" /><testcase classname="backend.tests.test_api.TestWithdrawalFlow" name="test_withdrawal_request_does_not_deduct_balance" time="1.179" /><testcase classname="backend.tests.test_api.TestWithdrawalFlow" name="test_admin_approve_withdrawal_deducts_balance" time="1.262" /><testcase classname="backend.tests.test_api.TestAdminUserOperations" name="test_admin_get_all_users" time="0.496" /><testcase classname="backend.tests.test_api.TestAdminUserOperations" name="test_admin_get_stats" time="0.465" /><testcase classname="backend.tests.test_api.TestAdminUserOperations" name="test_admin_edit_user_info" time="0.874" /><testcase classname="backend.tests.test_api.TestAdminUserOperations" name="test_admin_update_user_balance" time="0.892" /><testcase classname="backend.tests.test_api.TestAdminTransactions" name="test_admin_get_all_transactions" time="0.542" /><testcase classname="backend.tests.test_api.TestAdminTransactions" name="test_admin_approve_deposit" time="1.201" /><testcase classname="backend.tests.test_api.TestPortfolioEndpoints" name="test_get_portfolio" time="0.457" /><testcase classname="backend.tests.test_api.TestNotificationEndpoints" name="test_get_notifications" time="0.475" /><testcase classname="backend.tests.test_share_investment.TestUsdRateEndpoint" name="test_usd_rate_returns_rate_and_share_price" time="0.133" /><testcase classname="backend.tests.test_share_investment.TestShareBasedInvestment" name="test_invest_requires_minimum_one_share" time="1.554" /><testcase classname="backend.tests.test_share_investment.TestShareBasedInvestment" name="test_invest_requires_multiples_of_share_price" time="1.162" /><testcase classname="backend.tests.test_share_investment.TestShareBasedInvestment" name="test_invest_one_share_returns_7_percent_no_usd" time="1.141"><skipped type="pytest.skip" message="KYC approval required - cannot test investment tiers without KYC flow">/app/backend/tests/test_share_investment.py:154: KYC approval required - cannot test investment tiers without KYC flow</skipped></testcase><testcase classname="backend.tests.test_share_investment.TestShareBasedInvestment" name="test_invest_five_shares_returns_7_percent_with_usd" time="1.042"><skipped type="pytest.skip" message="KYC approval required - cannot test investment tiers without KYC flow">/app/backend/tests/test_share_investment.py:189: KYC approval required - cannot test investment tiers without KYC flow</skipped></testcase><testcase classname="backend.tests.test_share_investment.TestShareBasedInvestment" name="test_invest_ten_shares_returns_8_percent_with_usd" time="1.065"><skipped type="pytest.skip" message="KYC approval required - cannot test investment tiers without KYC flow">/app/backend/tests/test_share_investment.py:225: KYC approval required - cannot test investment tiers without KYC flow</skipped></testcase><testcase classname="backend.tests.test_share_investment.TestInvestmentValidation" name="test_invest_requires_authentication" time="0.254" /><testcase classname="backend.tests.test_share_investment.TestInvestmentValidation" name="test_invest_requires_kyc_approval" time="0.624" /><testcase classname="backend.tests.test_share_investment.TestInvestmentValidation" name="test_invest_requires_sufficient_balance" time="0.880" /></testsuite></testsuites>